<?xml version="1.0" encoding="UTF-8"?>
<testng-results skipped="0" failed="0" ignored="0" total="1" passed="1">
  <reporter-output>
  </reporter-output>
  <suite name="Default suite" duration-ms="23004" started-at="2018-07-04T01:30:00Z" finished-at="2018-07-04T01:30:23Z">
    <groups>
    </groups>
    <test name="Default test" duration-ms="23004" started-at="2018-07-04T01:30:00Z" finished-at="2018-07-04T01:30:23Z">
      <class name="com.testng.PageObjectModelSample">
        <test-method status="PASS" signature="setup()[pri:0, instance:com.testng.PageObjectModelSample@8bd1b6a]" name="setup" is-config="true" duration-ms="16555" started-at="2018-07-04T01:30:00Z" finished-at="2018-07-04T01:30:16Z">
          <reporter-output>
          </reporter-output>
        </test-method> <!-- setup -->
        <test-method status="PASS" signature="test()[pri:0, instance:com.testng.PageObjectModelSample@8bd1b6a]" name="test" duration-ms="6419" started-at="2018-07-04T01:30:16Z" finished-at="2018-07-04T01:30:23Z">
          <reporter-output>
          </reporter-output>
        </test-method> <!-- test -->
      </class> <!-- com.testng.PageObjectModelSample -->
    </test> <!-- Default test -->
  </suite> <!-- Default suite -->
</testng-results>
